<?xml version="1.0" encoding="UTF-8"?>
<!-- Generated by org.testng.reporters.JUnitReportReporter -->
<testsuite name="com.test.arvato.ArvatoUIAutomation.ITDevCenterTest.TC03_VerifyITDevCenterTests" tests="1" time="4.427" ignored="0" failures="0" timestamp="09 Apr 2018 07:42:40 GMT" skipped="0" hostname="SURYAKANTAs-MacBook-Pro.local" errors="0">
  <testcase name="verifyITDevCenterPage" time="4.427" classname="com.test.arvato.ArvatoUIAutomation.ITDevCenterTest.TC03_VerifyITDevCenterTests"/>
</testsuite> <!-- com.test.arvato.ArvatoUIAutomation.ITDevCenterTest.TC03_VerifyITDevCenterTests -->
