<?xml version="1.0" encoding="UTF-8"?>
<!-- Generated by org.testng.reporters.JUnitReportReporter -->
<testsuite name="com.test.arvato.ArvatoUIAutomation.homePage.TC01_VerifyFrontPage" tests="3" time="80.334" ignored="0" failures="0" timestamp="08 Apr 2018 14:08:33 GMT" skipped="0" hostname="SURYAKANTAs-MacBook-Pro.local" errors="0">
  <testcase name="verifyMoreInfoLinks" time="4.692" classname="com.test.arvato.ArvatoUIAutomation.homePage.TC01_VerifyFrontPage"/>
  <testcase name="verifyFrontPageUIElements" time="0.597" classname="com.test.arvato.ArvatoUIAutomation.homePage.TC01_VerifyFrontPage"/>
  <testcase name="verifyFrontPageLinks" time="75.045" classname="com.test.arvato.ArvatoUIAutomation.homePage.TC01_VerifyFrontPage"/>
</testsuite> <!-- com.test.arvato.ArvatoUIAutomation.homePage.TC01_VerifyFrontPage -->
