<?xml version="1.0" encoding="UTF-8"?>
<!-- Generated by org.testng.reporters.JUnitReportReporter -->
<testsuite name="com.test.arvato.ArvatoUIAutomation.ITCenterPositionsTest.TC05_VerifyITCenterPositions" tests="2" time="27.515" ignored="0" failures="0" timestamp="09 Apr 2018 07:42:40 GMT" skipped="0" hostname="SURYAKANTAs-MacBook-Pro.local" errors="0">
  <testcase name="verifyAllUIElements" time="3.063" classname="com.test.arvato.ArvatoUIAutomation.ITCenterPositionsTest.TC05_VerifyITCenterPositions"/>
  <testcase name="verifyAllPositionLinks" time="24.452" classname="com.test.arvato.ArvatoUIAutomation.ITCenterPositionsTest.TC05_VerifyITCenterPositions"/>
</testsuite> <!-- com.test.arvato.ArvatoUIAutomation.ITCenterPositionsTest.TC05_VerifyITCenterPositions -->
