<?xml version="1.0" encoding="UTF-8"?>
<!-- Generated by org.testng.reporters.JUnitReportReporter -->
<testsuite name="com.test.arvato.ArvatoUIAutomation.ContactsPageTests.TC06_VerifyContactPage" tests="4" time="13.910" ignored="0" failures="0" timestamp="09 Apr 2018 07:42:40 GMT" skipped="0" hostname="SURYAKANTAs-MacBook-Pro.local" errors="0">
  <testcase name="verifyUIElements" time="9.373" classname="com.test.arvato.ArvatoUIAutomation.ContactsPageTests.TC06_VerifyContactPage"/>
  <testcase name="validateFields" time="1.533" classname="com.test.arvato.ArvatoUIAutomation.ContactsPageTests.TC06_VerifyContactPage"/>
  <testcase name="validateFields" time="1.688" classname="com.test.arvato.ArvatoUIAutomation.ContactsPageTests.TC06_VerifyContactPage"/>
  <testcase name="validateFields" time="1.316" classname="com.test.arvato.ArvatoUIAutomation.ContactsPageTests.TC06_VerifyContactPage"/>
</testsuite> <!-- com.test.arvato.ArvatoUIAutomation.ContactsPageTests.TC06_VerifyContactPage -->
