<?xml version="1.0" encoding="UTF-8"?>
<!-- Generated by org.testng.reporters.JUnitReportReporter -->
<testsuite name="com.test.arvato.ArvatoUIAutomation.homePage.TC01_VerifyPage" tests="1" time="67.733" ignored="1" failures="0" timestamp="08 Apr 2018 13:52:54 GMT" skipped="0" hostname="SURYAKANTAs-MacBook-Pro.local" errors="0">
  <testcase name="verifyHomePageLinks" time="67.733" classname="com.test.arvato.ArvatoUIAutomation.homePage.TC01_VerifyPage"/>
  <testcase name="verifyTitle" classname="com.test.arvato.ArvatoUIAutomation.homePage.TC01_VerifyPage">
    <skipped/>
  </testcase> <!-- verifyTitle -->
</testsuite> <!-- com.test.arvato.ArvatoUIAutomation.homePage.TC01_VerifyPage -->
