<?xml version="1.0" encoding="UTF-8"?>
<!-- Generated by org.testng.reporters.JUnitReportReporter -->
<testsuite name="com.test.arvato.ArvatoUIAutomation.CRMCustServiceTest.TC02_VerifyCRMCustomerService" tests="2" time="9.803" ignored="0" failures="0" timestamp="09 Apr 2018 07:42:40 GMT" skipped="0" hostname="SURYAKANTAs-MacBook-Pro.local" errors="0">
  <testcase name="verifyCRMCustServicePageUIElements" time="2.774" classname="com.test.arvato.ArvatoUIAutomation.CRMCustServiceTest.TC02_VerifyCRMCustomerService"/>
  <testcase name="verifyLinkToCRMOpenPosition" time="7.029" classname="com.test.arvato.ArvatoUIAutomation.CRMCustServiceTest.TC02_VerifyCRMCustomerService"/>
</testsuite> <!-- com.test.arvato.ArvatoUIAutomation.CRMCustServiceTest.TC02_VerifyCRMCustomerService -->
