<?xml version="1.0" encoding="UTF-8"?>
<!-- Generated by org.testng.reporters.JUnitReportReporter -->
<testsuite name="com.test.arvato.ArvatoUIAutomation.CRMOpenPositionTest.TC04_VerifyCRMOpenPositionTests" tests="1" time="19.386" ignored="0" failures="0" timestamp="09 Apr 2018 07:42:39 GMT" skipped="0" hostname="SURYAKANTAs-MacBook-Pro.local" errors="0">
  <testcase name="verifyCRMOpenPositionLinks" time="19.386" classname="com.test.arvato.ArvatoUIAutomation.CRMOpenPositionTest.TC04_VerifyCRMOpenPositionTests"/>
</testsuite> <!-- com.test.arvato.ArvatoUIAutomation.CRMOpenPositionTest.TC04_VerifyCRMOpenPositionTests -->
