<?xml version="1.0" encoding="UTF-8"?>
<!-- Generated by org.testng.reporters.JUnitReportReporter -->
<testsuite name="com.test.avarto.AvartoUIAutomation.homePage.TC01_VerifyPage" tests="1" time="0.075" ignored="0" failures="0" timestamp="04 Apr 2018 10:17:03 GMT" skipped="0" hostname="SURYAKANTAs-MacBook-Pro.local" errors="0">
  <testcase name="verifyTitle" time="0.075" classname="com.test.avarto.AvartoUIAutomation.homePage.TC01_VerifyPage"/>
</testsuite> <!-- com.test.avarto.AvartoUIAutomation.homePage.TC01_VerifyPage -->
