<?xml version="1.0" encoding="UTF-8"?>
<!-- Generated by org.testng.reporters.JUnitReportReporter -->
<testsuite name="com.test.arvato.ArvatoUIAutomation.homePageTest.TC01_VerifyFrontPage" tests="3" time="89.590" ignored="0" failures="0" timestamp="09 Apr 2018 07:42:39 GMT" skipped="0" hostname="SURYAKANTAs-MacBook-Pro.local" errors="0">
  <testcase name="verifyFrontPageUIElements" time="1.003" classname="com.test.arvato.ArvatoUIAutomation.homePageTest.TC01_VerifyFrontPage"/>
  <testcase name="verifyMoreInfoLinks" time="6.058" classname="com.test.arvato.ArvatoUIAutomation.homePageTest.TC01_VerifyFrontPage"/>
  <testcase name="verifyFrontPageLinks" time="82.529" classname="com.test.arvato.ArvatoUIAutomation.homePageTest.TC01_VerifyFrontPage"/>
</testsuite> <!-- com.test.arvato.ArvatoUIAutomation.homePageTest.TC01_VerifyFrontPage -->
